2009-01-29 00:39:54,218 [CCNet Server:DEBUG] The trace level is currently set to debug.  This will cause CCNet to log at the most verbose level, which is useful for setting up or debugging the server.  Once your server is running smoothly, we recommend changing this setting in G:\work2\svn-work\hsqldb\dotnet\trunk\CruiseControl.NET\server\ccnet.exe.config to a lower level.
2009-01-29 00:39:54,234 [CCNet Server:INFO] Reading configuration file "G:\work2\svn-work\hsqldb\dotnet\trunk\CruiseControl.NET\server\ccnet.config"
2009-01-29 00:39:54,515 [CCNet Server:INFO] Registered channel: tcp
2009-01-29 00:39:54,515 [CCNet Server:INFO] CruiseManager: Listening on url: tcp://192.168.0.179:21234/CruiseManager.rem
2009-01-29 00:39:54,531 [CCNet Server:INFO] Starting CruiseControl.NET Server
2009-01-29 00:39:54,531 [System.Data.Hsqldb:INFO] Starting integrator for project: System.Data.Hsqldb
2009-01-29 00:40:42,218 [3232:INFO] Dashboard forced Build for project: System.Data.Hsqldb
2009-01-29 00:40:42,218 [3232:INFO] Project: 'System.Data.Hsqldb' is added to queue: 'System.Data.Hsqldb' in position 0.
2009-01-29 00:40:42,296 [System.Data.Hsqldb:INFO] Project: 'System.Data.Hsqldb' is first in queue: 'System.Data.Hsqldb' and shall start integration.
2009-01-29 00:40:42,312 [System.Data.Hsqldb:DEBUG] https://hsqldb.svn.sourceforge.net/svnroot/hsqldb/dotnet/trunk
2009-01-29 00:40:42,312 [System.Data.Hsqldb:DEBUG] Starting process [..\..\Subversion\bin\svn.exe] in working directory [G:\work2\svn-work\hsqldb\dotnet\trunk\] with arguments [log https://hsqldb.svn.sourceforge.net/svnroot/hsqldb/dotnet/trunk -r "{2009-01-28T06:40:27Z}:{2009-01-29T06:40:42Z}" --verbose --xml --non-interactive --no-auth-cache]
2009-01-29 00:40:46,500 [232:DEBUG] [System.Data.Hsqldb ..\..\Subversion\bin\svn.exe] <?xml version="1.0"?>
2009-01-29 00:40:46,500 [232:DEBUG] [System.Data.Hsqldb ..\..\Subversion\bin\svn.exe] <log>
2009-01-29 00:40:46,500 [232:DEBUG] [System.Data.Hsqldb ..\..\Subversion\bin\svn.exe] </log>
2009-01-29 00:40:46,609 [System.Data.Hsqldb:DEBUG] No <logentry>s found under <log>.
2009-01-29 00:40:46,609 [System.Data.Hsqldb:INFO] No modifications detected.
2009-01-29 00:40:46,609 [System.Data.Hsqldb:INFO] Building: Dashboard triggered a build (ForceBuild)
2009-01-29 00:40:46,625 [System.Data.Hsqldb:DEBUG] Starting process [..\..\Subversion\bin\svn.exe] in working directory [G:\work2\svn-work\hsqldb\dotnet\trunk\] with arguments [update --non-interactive --no-auth-cache]
2009-01-29 00:40:48,718 [232:DEBUG] [System.Data.Hsqldb ..\..\Subversion\bin\svn.exe] At revision 883.
2009-01-29 00:40:49,218 [System.Data.Hsqldb:DEBUG] Starting process [D:\WINDOWS\Microsoft.NET\Framework\v2.0.50727\MSBuild.exe] in working directory [G:\work2\svn-work\hsqldb\dotnet\trunk\System.Data.Hsqldb] with arguments [/nologo /t:Rebuild /p:CCNetArtifactDirectory=G:\work2\svn-work\hsqldb\dotnet\trunk\System.Data.Hsqldb\BuildArtifacts;CCNetBuildCondition=ForceBuild;CCNetBuildDate=2009-01-29;CCNetBuildTime=00:40:42;CCNetFailureUsers=;CCNetIntegrationStatus=Unknown;CCNetLabel="System.Data.Hsqldb 1.8.0.10b1";CCNetLastIntegrationStatus=Unknown;CCNetListenerFile=G:\work2\svn-work\hsqldb\dotnet\trunk\System.Data.Hsqldb\BuildArtifacts\System.Data.Hsqldb_ListenFile.xml;CCNetNumericLabel=1;CCNetProject=System.Data.Hsqldb;CCNetProjectUrl=http://STATION1/ccnet;CCNetRequestSource=Dashboard;CCNetWorkingDirectory=G:\work2\svn-work\hsqldb\dotnet\trunk\ /noconsolelogger /p:Configuration=Debug System.Data.Hsqldb.sln /l:ThoughtWorks.CruiseControl.MSBuild.dll;G:\work2\svn-work\hsqldb\dotnet\trunk\System.Data.Hsqldb\BuildArtifacts\msbuild-results.xml]
2009-01-29 00:40:49,390 [System.Data.Hsqldb:DEBUG] Running unit tests: ..\..\NUnit\bin\nunit-console.exe /xml=G:\work2\svn-work\hsqldb\dotnet\trunk\System.Data.Hsqldb\BuildArtifacts\nunit-results.xml /nologo System.Data.Hsqldb\Lib\Org.Hsqldb.dll
2009-01-29 00:40:49,390 [System.Data.Hsqldb:DEBUG] Starting process [..\..\NUnit\bin\nunit-console.exe] in working directory [G:\work2\svn-work\hsqldb\dotnet\trunk\] with arguments [/xml=G:\work2\svn-work\hsqldb\dotnet\trunk\System.Data.Hsqldb\BuildArtifacts\nunit-results.xml /nologo System.Data.Hsqldb\Lib\Org.Hsqldb.dll]
2009-01-29 00:40:53,234 [644:DEBUG] [System.Data.Hsqldb ..\..\NUnit\bin\nunit-console.exe] 
2009-01-29 00:40:53,250 [644:DEBUG] [System.Data.Hsqldb ..\..\NUnit\bin\nunit-console.exe] Tests run: 0, Failures: 0, Not run: 0, Time: 0.000 seconds
2009-01-29 00:40:53,250 [644:DEBUG] [System.Data.Hsqldb ..\..\NUnit\bin\nunit-console.exe] 
2009-01-29 00:40:53,250 [644:DEBUG] [System.Data.Hsqldb ..\..\NUnit\bin\nunit-console.exe] 
2009-01-29 00:40:53,609 [System.Data.Hsqldb:INFO] Integration complete: Success - 1/29/2009 12:40:53 AM
2009-01-29 00:41:45,968 [3052:INFO] Disconnecting remote server: 
2009-01-29 00:41:45,968 [3052:INFO] Unregistering channel: tcp
2009-01-29 00:41:45,984 [3052:INFO] Aborting CruiseControl.NET Server
2009-01-29 00:41:45,984 [3052:INFO] Aborting integrator for project: System.Data.Hsqldb
2009-01-29 00:41:45,984 [System.Data.Hsqldb:INFO] Integrator for project: System.Data.Hsqldb is now stopped.
2009-01-29 00:43:00,859 [CCNet Server:DEBUG] The trace level is currently set to debug.  This will cause CCNet to log at the most verbose level, which is useful for setting up or debugging the server.  Once your server is running smoothly, we recommend changing this setting in G:\work2\svn-work\hsqldb\dotnet\trunk\CruiseControl.NET\server\ccnet.exe.config to a lower level.
2009-01-29 00:43:00,875 [CCNet Server:INFO] Reading configuration file "G:\work2\svn-work\hsqldb\dotnet\trunk\CruiseControl.NET\server\ccnet.config"
2009-01-29 00:43:01,156 [CCNet Server:INFO] Registered channel: tcp
2009-01-29 00:43:01,156 [CCNet Server:INFO] CruiseManager: Listening on url: tcp://192.168.0.179:21234/CruiseManager.rem
2009-01-29 00:43:01,156 [CCNet Server:INFO] Starting CruiseControl.NET Server
2009-01-29 00:43:01,171 [System.Data.Hsqldb:INFO] Starting integrator for project: System.Data.Hsqldb
2009-01-29 00:43:23,750 [2724:INFO] Returning version number
